ERROR - 2026-04-15 08:38:06 --> Error connecting to the database: mysqli_sql_exception: No such file or directory in /home/sanda/Documents/codeigniter4-framework-v4.7.2-0-gb3359be/codeigniter4-framework-b3359be/system/Database/MySQLi/Connection.php:201
Stack trace:
#0 /home/sanda/Documents/codeigniter4-framework-v4.7.2-0-gb3359be/codeigniter4-framework-b3359be/system/Database/MySQLi/Connection.php(201): mysqli->real_connect()
#1 /home/sanda/Documents/codeigniter4-framework-v4.7.2-0-gb3359be/codeigniter4-framework-b3359be/system/Database/BaseConnection.php(555): CodeIgniter\Database\MySQLi\Connection->connect()
#2 /home/sanda/Documents/codeigniter4-framework-v4.7.2-0-gb3359be/codeigniter4-framework-b3359be/system/Database/BaseConnection.php(795): CodeIgniter\Database\BaseConnection->initialize()
#3 /home/sanda/Documents/codeigniter4-framework-v4.7.2-0-gb3359be/codeigniter4-framework-b3359be/system/Database/BaseBuilder.php(1649): CodeIgniter\Database\BaseConnection->query()
#4 /home/sanda/Documents/codeigniter4-framework-v4.7.2-0-gb3359be/codeigniter4-framework-b3359be/system/Model.php(253): CodeIgniter\Database\BaseBuilder->get()
#5 /home/sanda/Documents/codeigniter4-framework-v4.7.2-0-gb3359be/codeigniter4-framework-b3359be/system/BaseModel.php(676): CodeIgniter\Model->doFindAll()
#6 /home/sanda/Documents/codeigniter4-framework-v4.7.2-0-gb3359be/codeigniter4-framework-b3359be/app/Controllers/Produit.php(13): CodeIgniter\BaseModel->findAll()
#7 /home/sanda/Documents/codeigniter4-framework-v4.7.2-0-gb3359be/codeigniter4-framework-b3359be/system/CodeIgniter.php(951): App\Controllers\Produit->index()
#8 /home/sanda/Documents/codeigniter4-framework-v4.7.2-0-gb3359be/codeigniter4-framework-b3359be/system/CodeIgniter.php(497): CodeIgniter\CodeIgniter->runController()
#9 /home/sanda/Documents/codeigniter4-framework-v4.7.2-0-gb3359be/codeigniter4-framework-b3359be/system/CodeIgniter.php(340): CodeIgniter\CodeIgniter->handleRequest()
#10 /home/sanda/Documents/codeigniter4-framework-v4.7.2-0-gb3359be/codeigniter4-framework-b3359be/system/Boot.php(417): CodeIgniter\CodeIgniter->run()
#11 /home/sanda/Documents/codeigniter4-framework-v4.7.2-0-gb3359be/codeigniter4-framework-b3359be/system/Boot.php(68): CodeIgniter\Boot::runCodeIgniter()
#12 /home/sanda/Documents/codeigniter4-framework-v4.7.2-0-gb3359be/codeigniter4-framework-b3359be/public/index.php(59): CodeIgniter\Boot::bootWeb()
#13 {main}

Next CodeIgniter\Database\Exceptions\DatabaseException: No such file or directory in /home/sanda/Documents/codeigniter4-framework-v4.7.2-0-gb3359be/codeigniter4-framework-b3359be/system/Database/MySQLi/Connection.php:231
Stack trace:
#0 /home/sanda/Documents/codeigniter4-framework-v4.7.2-0-gb3359be/codeigniter4-framework-b3359be/system/Database/BaseConnection.php(555): CodeIgniter\Database\MySQLi\Connection->connect()
#1 /home/sanda/Documents/codeigniter4-framework-v4.7.2-0-gb3359be/codeigniter4-framework-b3359be/system/Database/BaseConnection.php(795): CodeIgniter\Database\BaseConnection->initialize()
#2 /home/sanda/Documents/codeigniter4-framework-v4.7.2-0-gb3359be/codeigniter4-framework-b3359be/system/Database/BaseBuilder.php(1649): CodeIgniter\Database\BaseConnection->query()
#3 /home/sanda/Documents/codeigniter4-framework-v4.7.2-0-gb3359be/codeigniter4-framework-b3359be/system/Model.php(253): CodeIgniter\Database\BaseBuilder->get()
#4 /home/sanda/Documents/codeigniter4-framework-v4.7.2-0-gb3359be/codeigniter4-framework-b3359be/system/BaseModel.php(676): CodeIgniter\Model->doFindAll()
#5 /home/sanda/Documents/codeigniter4-framework-v4.7.2-0-gb3359be/codeigniter4-framework-b3359be/app/Controllers/Produit.php(13): CodeIgniter\BaseModel->findAll()
#6 /home/sanda/Documents/codeigniter4-framework-v4.7.2-0-gb3359be/codeigniter4-framework-b3359be/system/CodeIgniter.php(951): App\Controllers\Produit->index()
#7 /home/sanda/Documents/codeigniter4-framework-v4.7.2-0-gb3359be/codeigniter4-framework-b3359be/system/CodeIgniter.php(497): CodeIgniter\CodeIgniter->runController()
#8 /home/sanda/Documents/codeigniter4-framework-v4.7.2-0-gb3359be/codeigniter4-framework-b3359be/system/CodeIgniter.php(340): CodeIgniter\CodeIgniter->handleRequest()
#9 /home/sanda/Documents/codeigniter4-framework-v4.7.2-0-gb3359be/codeigniter4-framework-b3359be/system/Boot.php(417): CodeIgniter\CodeIgniter->run()
#10 /home/sanda/Documents/codeigniter4-framework-v4.7.2-0-gb3359be/codeigniter4-framework-b3359be/system/Boot.php(68): CodeIgniter\Boot::runCodeIgniter()
#11 /home/sanda/Documents/codeigniter4-framework-v4.7.2-0-gb3359be/codeigniter4-framework-b3359be/public/index.php(59): CodeIgniter\Boot::bootWeb()
#12 {main}
CRITICAL - 2026-04-15 08:38:06 --> CodeIgniter\Database\Exceptions\DatabaseException: Unable to connect to the database.
Main connection [MySQLi]: No such file or directory
[Method: GET, Route: produits]
in SYSTEMPATH/Database/BaseConnection.php on line 606.
 1 SYSTEMPATH/Database/BaseConnection.php(795): CodeIgniter\Database\BaseConnection->initialize()
 2 SYSTEMPATH/Database/BaseBuilder.php(1649): CodeIgniter\Database\BaseConnection->query()
 3 SYSTEMPATH/Model.php(253): CodeIgniter\Database\BaseBuilder->get()
 4 SYSTEMPATH/BaseModel.php(676): CodeIgniter\Model->doFindAll()
 5 APPPATH/Controllers/Produit.php(13): CodeIgniter\BaseModel->findAll()
 6 SYSTEMPATH/CodeIgniter.php(951): App\Controllers\Produit->index()
 7 SYSTEMPATH/CodeIgniter.php(497): CodeIgniter\CodeIgniter->runController()
 8 SYSTEMPATH/CodeIgniter.php(340): CodeIgniter\CodeIgniter->handleRequest()
 9 SYSTEMPATH/Boot.php(417): CodeIgniter\CodeIgniter->run()
10 SYSTEMPATH/Boot.php(68): CodeIgniter\Boot::runCodeIgniter()
11 FCPATH/index.php(59): CodeIgniter\Boot::bootWeb()
ERROR - 2026-04-15 08:38:19 --> Error connecting to the database: mysqli_sql_exception: No such file or directory in /home/sanda/Documents/codeigniter4-framework-v4.7.2-0-gb3359be/codeigniter4-framework-b3359be/system/Database/MySQLi/Connection.php:201
Stack trace:
#0 /home/sanda/Documents/codeigniter4-framework-v4.7.2-0-gb3359be/codeigniter4-framework-b3359be/system/Database/MySQLi/Connection.php(201): mysqli->real_connect()
#1 /home/sanda/Documents/codeigniter4-framework-v4.7.2-0-gb3359be/codeigniter4-framework-b3359be/system/Database/BaseConnection.php(555): CodeIgniter\Database\MySQLi\Connection->connect()
#2 /home/sanda/Documents/codeigniter4-framework-v4.7.2-0-gb3359be/codeigniter4-framework-b3359be/system/Database/BaseConnection.php(795): CodeIgniter\Database\BaseConnection->initialize()
#3 /home/sanda/Documents/codeigniter4-framework-v4.7.2-0-gb3359be/codeigniter4-framework-b3359be/system/Database/BaseBuilder.php(1649): CodeIgniter\Database\BaseConnection->query()
#4 /home/sanda/Documents/codeigniter4-framework-v4.7.2-0-gb3359be/codeigniter4-framework-b3359be/system/Model.php(253): CodeIgniter\Database\BaseBuilder->get()
#5 /home/sanda/Documents/codeigniter4-framework-v4.7.2-0-gb3359be/codeigniter4-framework-b3359be/system/BaseModel.php(676): CodeIgniter\Model->doFindAll()
#6 /home/sanda/Documents/codeigniter4-framework-v4.7.2-0-gb3359be/codeigniter4-framework-b3359be/app/Controllers/Produit.php(13): CodeIgniter\BaseModel->findAll()
#7 /home/sanda/Documents/codeigniter4-framework-v4.7.2-0-gb3359be/codeigniter4-framework-b3359be/system/CodeIgniter.php(951): App\Controllers\Produit->index()
#8 /home/sanda/Documents/codeigniter4-framework-v4.7.2-0-gb3359be/codeigniter4-framework-b3359be/system/CodeIgniter.php(497): CodeIgniter\CodeIgniter->runController()
#9 /home/sanda/Documents/codeigniter4-framework-v4.7.2-0-gb3359be/codeigniter4-framework-b3359be/system/CodeIgniter.php(340): CodeIgniter\CodeIgniter->handleRequest()
#10 /home/sanda/Documents/codeigniter4-framework-v4.7.2-0-gb3359be/codeigniter4-framework-b3359be/system/Boot.php(417): CodeIgniter\CodeIgniter->run()
#11 /home/sanda/Documents/codeigniter4-framework-v4.7.2-0-gb3359be/codeigniter4-framework-b3359be/system/Boot.php(68): CodeIgniter\Boot::runCodeIgniter()
#12 /home/sanda/Documents/codeigniter4-framework-v4.7.2-0-gb3359be/codeigniter4-framework-b3359be/public/index.php(59): CodeIgniter\Boot::bootWeb()
#13 {main}

Next CodeIgniter\Database\Exceptions\DatabaseException: No such file or directory in /home/sanda/Documents/codeigniter4-framework-v4.7.2-0-gb3359be/codeigniter4-framework-b3359be/system/Database/MySQLi/Connection.php:231
Stack trace:
#0 /home/sanda/Documents/codeigniter4-framework-v4.7.2-0-gb3359be/codeigniter4-framework-b3359be/system/Database/BaseConnection.php(555): CodeIgniter\Database\MySQLi\Connection->connect()
#1 /home/sanda/Documents/codeigniter4-framework-v4.7.2-0-gb3359be/codeigniter4-framework-b3359be/system/Database/BaseConnection.php(795): CodeIgniter\Database\BaseConnection->initialize()
#2 /home/sanda/Documents/codeigniter4-framework-v4.7.2-0-gb3359be/codeigniter4-framework-b3359be/system/Database/BaseBuilder.php(1649): CodeIgniter\Database\BaseConnection->query()
#3 /home/sanda/Documents/codeigniter4-framework-v4.7.2-0-gb3359be/codeigniter4-framework-b3359be/system/Model.php(253): CodeIgniter\Database\BaseBuilder->get()
#4 /home/sanda/Documents/codeigniter4-framework-v4.7.2-0-gb3359be/codeigniter4-framework-b3359be/system/BaseModel.php(676): CodeIgniter\Model->doFindAll()
#5 /home/sanda/Documents/codeigniter4-framework-v4.7.2-0-gb3359be/codeigniter4-framework-b3359be/app/Controllers/Produit.php(13): CodeIgniter\BaseModel->findAll()
#6 /home/sanda/Documents/codeigniter4-framework-v4.7.2-0-gb3359be/codeigniter4-framework-b3359be/system/CodeIgniter.php(951): App\Controllers\Produit->index()
#7 /home/sanda/Documents/codeigniter4-framework-v4.7.2-0-gb3359be/codeigniter4-framework-b3359be/system/CodeIgniter.php(497): CodeIgniter\CodeIgniter->runController()
#8 /home/sanda/Documents/codeigniter4-framework-v4.7.2-0-gb3359be/codeigniter4-framework-b3359be/system/CodeIgniter.php(340): CodeIgniter\CodeIgniter->handleRequest()
#9 /home/sanda/Documents/codeigniter4-framework-v4.7.2-0-gb3359be/codeigniter4-framework-b3359be/system/Boot.php(417): CodeIgniter\CodeIgniter->run()
#10 /home/sanda/Documents/codeigniter4-framework-v4.7.2-0-gb3359be/codeigniter4-framework-b3359be/system/Boot.php(68): CodeIgniter\Boot::runCodeIgniter()
#11 /home/sanda/Documents/codeigniter4-framework-v4.7.2-0-gb3359be/codeigniter4-framework-b3359be/public/index.php(59): CodeIgniter\Boot::bootWeb()
#12 {main}
CRITICAL - 2026-04-15 08:38:19 --> CodeIgniter\Database\Exceptions\DatabaseException: Unable to connect to the database.
Main connection [MySQLi]: No such file or directory
[Method: GET, Route: produits]
in SYSTEMPATH/Database/BaseConnection.php on line 606.
 1 SYSTEMPATH/Database/BaseConnection.php(795): CodeIgniter\Database\BaseConnection->initialize()
 2 SYSTEMPATH/Database/BaseBuilder.php(1649): CodeIgniter\Database\BaseConnection->query()
 3 SYSTEMPATH/Model.php(253): CodeIgniter\Database\BaseBuilder->get()
 4 SYSTEMPATH/BaseModel.php(676): CodeIgniter\Model->doFindAll()
 5 APPPATH/Controllers/Produit.php(13): CodeIgniter\BaseModel->findAll()
 6 SYSTEMPATH/CodeIgniter.php(951): App\Controllers\Produit->index()
 7 SYSTEMPATH/CodeIgniter.php(497): CodeIgniter\CodeIgniter->runController()
 8 SYSTEMPATH/CodeIgniter.php(340): CodeIgniter\CodeIgniter->handleRequest()
 9 SYSTEMPATH/Boot.php(417): CodeIgniter\CodeIgniter->run()
10 SYSTEMPATH/Boot.php(68): CodeIgniter\Boot::runCodeIgniter()
11 FCPATH/index.php(59): CodeIgniter\Boot::bootWeb()
ERROR - 2026-04-15 08:44:27 --> Error connecting to the database: mysqli_sql_exception: No such file or directory in /home/sanda/Documents/codeigniter4-framework-v4.7.2-0-gb3359be/codeigniter4-framework-b3359be/system/Database/MySQLi/Connection.php:201
Stack trace:
#0 /home/sanda/Documents/codeigniter4-framework-v4.7.2-0-gb3359be/codeigniter4-framework-b3359be/system/Database/MySQLi/Connection.php(201): mysqli->real_connect()
#1 /home/sanda/Documents/codeigniter4-framework-v4.7.2-0-gb3359be/codeigniter4-framework-b3359be/system/Database/BaseConnection.php(555): CodeIgniter\Database\MySQLi\Connection->connect()
#2 /home/sanda/Documents/codeigniter4-framework-v4.7.2-0-gb3359be/codeigniter4-framework-b3359be/system/Database/BaseConnection.php(795): CodeIgniter\Database\BaseConnection->initialize()
#3 /home/sanda/Documents/codeigniter4-framework-v4.7.2-0-gb3359be/codeigniter4-framework-b3359be/system/Database/BaseBuilder.php(1649): CodeIgniter\Database\BaseConnection->query()
#4 /home/sanda/Documents/codeigniter4-framework-v4.7.2-0-gb3359be/codeigniter4-framework-b3359be/system/Model.php(253): CodeIgniter\Database\BaseBuilder->get()
#5 /home/sanda/Documents/codeigniter4-framework-v4.7.2-0-gb3359be/codeigniter4-framework-b3359be/system/BaseModel.php(676): CodeIgniter\Model->doFindAll()
#6 /home/sanda/Documents/codeigniter4-framework-v4.7.2-0-gb3359be/codeigniter4-framework-b3359be/app/Controllers/Produit.php(13): CodeIgniter\BaseModel->findAll()
#7 /home/sanda/Documents/codeigniter4-framework-v4.7.2-0-gb3359be/codeigniter4-framework-b3359be/system/CodeIgniter.php(951): App\Controllers\Produit->index()
#8 /home/sanda/Documents/codeigniter4-framework-v4.7.2-0-gb3359be/codeigniter4-framework-b3359be/system/CodeIgniter.php(497): CodeIgniter\CodeIgniter->runController()
#9 /home/sanda/Documents/codeigniter4-framework-v4.7.2-0-gb3359be/codeigniter4-framework-b3359be/system/CodeIgniter.php(340): CodeIgniter\CodeIgniter->handleRequest()
#10 /home/sanda/Documents/codeigniter4-framework-v4.7.2-0-gb3359be/codeigniter4-framework-b3359be/system/Boot.php(417): CodeIgniter\CodeIgniter->run()
#11 /home/sanda/Documents/codeigniter4-framework-v4.7.2-0-gb3359be/codeigniter4-framework-b3359be/system/Boot.php(68): CodeIgniter\Boot::runCodeIgniter()
#12 /home/sanda/Documents/codeigniter4-framework-v4.7.2-0-gb3359be/codeigniter4-framework-b3359be/public/index.php(59): CodeIgniter\Boot::bootWeb()
#13 {main}

Next CodeIgniter\Database\Exceptions\DatabaseException: No such file or directory in /home/sanda/Documents/codeigniter4-framework-v4.7.2-0-gb3359be/codeigniter4-framework-b3359be/system/Database/MySQLi/Connection.php:231
Stack trace:
#0 /home/sanda/Documents/codeigniter4-framework-v4.7.2-0-gb3359be/codeigniter4-framework-b3359be/system/Database/BaseConnection.php(555): CodeIgniter\Database\MySQLi\Connection->connect()
#1 /home/sanda/Documents/codeigniter4-framework-v4.7.2-0-gb3359be/codeigniter4-framework-b3359be/system/Database/BaseConnection.php(795): CodeIgniter\Database\BaseConnection->initialize()
#2 /home/sanda/Documents/codeigniter4-framework-v4.7.2-0-gb3359be/codeigniter4-framework-b3359be/system/Database/BaseBuilder.php(1649): CodeIgniter\Database\BaseConnection->query()
#3 /home/sanda/Documents/codeigniter4-framework-v4.7.2-0-gb3359be/codeigniter4-framework-b3359be/system/Model.php(253): CodeIgniter\Database\BaseBuilder->get()
#4 /home/sanda/Documents/codeigniter4-framework-v4.7.2-0-gb3359be/codeigniter4-framework-b3359be/system/BaseModel.php(676): CodeIgniter\Model->doFindAll()
#5 /home/sanda/Documents/codeigniter4-framework-v4.7.2-0-gb3359be/codeigniter4-framework-b3359be/app/Controllers/Produit.php(13): CodeIgniter\BaseModel->findAll()
#6 /home/sanda/Documents/codeigniter4-framework-v4.7.2-0-gb3359be/codeigniter4-framework-b3359be/system/CodeIgniter.php(951): App\Controllers\Produit->index()
#7 /home/sanda/Documents/codeigniter4-framework-v4.7.2-0-gb3359be/codeigniter4-framework-b3359be/system/CodeIgniter.php(497): CodeIgniter\CodeIgniter->runController()
#8 /home/sanda/Documents/codeigniter4-framework-v4.7.2-0-gb3359be/codeigniter4-framework-b3359be/system/CodeIgniter.php(340): CodeIgniter\CodeIgniter->handleRequest()
#9 /home/sanda/Documents/codeigniter4-framework-v4.7.2-0-gb3359be/codeigniter4-framework-b3359be/system/Boot.php(417): CodeIgniter\CodeIgniter->run()
#10 /home/sanda/Documents/codeigniter4-framework-v4.7.2-0-gb3359be/codeigniter4-framework-b3359be/system/Boot.php(68): CodeIgniter\Boot::runCodeIgniter()
#11 /home/sanda/Documents/codeigniter4-framework-v4.7.2-0-gb3359be/codeigniter4-framework-b3359be/public/index.php(59): CodeIgniter\Boot::bootWeb()
#12 {main}
CRITICAL - 2026-04-15 08:44:27 --> CodeIgniter\Database\Exceptions\DatabaseException: Unable to connect to the database.
Main connection [MySQLi]: No such file or directory
[Method: GET, Route: produits]
in SYSTEMPATH/Database/BaseConnection.php on line 606.
 1 SYSTEMPATH/Database/BaseConnection.php(795): CodeIgniter\Database\BaseConnection->initialize()
 2 SYSTEMPATH/Database/BaseBuilder.php(1649): CodeIgniter\Database\BaseConnection->query()
 3 SYSTEMPATH/Model.php(253): CodeIgniter\Database\BaseBuilder->get()
 4 SYSTEMPATH/BaseModel.php(676): CodeIgniter\Model->doFindAll()
 5 APPPATH/Controllers/Produit.php(13): CodeIgniter\BaseModel->findAll()
 6 SYSTEMPATH/CodeIgniter.php(951): App\Controllers\Produit->index()
 7 SYSTEMPATH/CodeIgniter.php(497): CodeIgniter\CodeIgniter->runController()
 8 SYSTEMPATH/CodeIgniter.php(340): CodeIgniter\CodeIgniter->handleRequest()
 9 SYSTEMPATH/Boot.php(417): CodeIgniter\CodeIgniter->run()
10 SYSTEMPATH/Boot.php(68): CodeIgniter\Boot::runCodeIgniter()
11 FCPATH/index.php(59): CodeIgniter\Boot::bootWeb()
ERROR - 2026-04-15 08:45:17 --> Error connecting to the database: mysqli_sql_exception: No such file or directory in /home/sanda/Documents/codeigniter4-framework-v4.7.2-0-gb3359be/codeigniter4-framework-b3359be/system/Database/MySQLi/Connection.php:201
Stack trace:
#0 /home/sanda/Documents/codeigniter4-framework-v4.7.2-0-gb3359be/codeigniter4-framework-b3359be/system/Database/MySQLi/Connection.php(201): mysqli->real_connect()
#1 /home/sanda/Documents/codeigniter4-framework-v4.7.2-0-gb3359be/codeigniter4-framework-b3359be/system/Database/BaseConnection.php(555): CodeIgniter\Database\MySQLi\Connection->connect()
#2 /home/sanda/Documents/codeigniter4-framework-v4.7.2-0-gb3359be/codeigniter4-framework-b3359be/system/Database/BaseConnection.php(795): CodeIgniter\Database\BaseConnection->initialize()
#3 /home/sanda/Documents/codeigniter4-framework-v4.7.2-0-gb3359be/codeigniter4-framework-b3359be/system/Database/BaseBuilder.php(1649): CodeIgniter\Database\BaseConnection->query()
#4 /home/sanda/Documents/codeigniter4-framework-v4.7.2-0-gb3359be/codeigniter4-framework-b3359be/system/Model.php(253): CodeIgniter\Database\BaseBuilder->get()
#5 /home/sanda/Documents/codeigniter4-framework-v4.7.2-0-gb3359be/codeigniter4-framework-b3359be/system/BaseModel.php(676): CodeIgniter\Model->doFindAll()
#6 /home/sanda/Documents/codeigniter4-framework-v4.7.2-0-gb3359be/codeigniter4-framework-b3359be/app/Controllers/Produit.php(13): CodeIgniter\BaseModel->findAll()
#7 /home/sanda/Documents/codeigniter4-framework-v4.7.2-0-gb3359be/codeigniter4-framework-b3359be/system/CodeIgniter.php(951): App\Controllers\Produit->index()
#8 /home/sanda/Documents/codeigniter4-framework-v4.7.2-0-gb3359be/codeigniter4-framework-b3359be/system/CodeIgniter.php(497): CodeIgniter\CodeIgniter->runController()
#9 /home/sanda/Documents/codeigniter4-framework-v4.7.2-0-gb3359be/codeigniter4-framework-b3359be/system/CodeIgniter.php(340): CodeIgniter\CodeIgniter->handleRequest()
#10 /home/sanda/Documents/codeigniter4-framework-v4.7.2-0-gb3359be/codeigniter4-framework-b3359be/system/Boot.php(417): CodeIgniter\CodeIgniter->run()
#11 /home/sanda/Documents/codeigniter4-framework-v4.7.2-0-gb3359be/codeigniter4-framework-b3359be/system/Boot.php(68): CodeIgniter\Boot::runCodeIgniter()
#12 /home/sanda/Documents/codeigniter4-framework-v4.7.2-0-gb3359be/codeigniter4-framework-b3359be/public/index.php(59): CodeIgniter\Boot::bootWeb()
#13 {main}

Next CodeIgniter\Database\Exceptions\DatabaseException: No such file or directory in /home/sanda/Documents/codeigniter4-framework-v4.7.2-0-gb3359be/codeigniter4-framework-b3359be/system/Database/MySQLi/Connection.php:231
Stack trace:
#0 /home/sanda/Documents/codeigniter4-framework-v4.7.2-0-gb3359be/codeigniter4-framework-b3359be/system/Database/BaseConnection.php(555): CodeIgniter\Database\MySQLi\Connection->connect()
#1 /home/sanda/Documents/codeigniter4-framework-v4.7.2-0-gb3359be/codeigniter4-framework-b3359be/system/Database/BaseConnection.php(795): CodeIgniter\Database\BaseConnection->initialize()
#2 /home/sanda/Documents/codeigniter4-framework-v4.7.2-0-gb3359be/codeigniter4-framework-b3359be/system/Database/BaseBuilder.php(1649): CodeIgniter\Database\BaseConnection->query()
#3 /home/sanda/Documents/codeigniter4-framework-v4.7.2-0-gb3359be/codeigniter4-framework-b3359be/system/Model.php(253): CodeIgniter\Database\BaseBuilder->get()
#4 /home/sanda/Documents/codeigniter4-framework-v4.7.2-0-gb3359be/codeigniter4-framework-b3359be/system/BaseModel.php(676): CodeIgniter\Model->doFindAll()
#5 /home/sanda/Documents/codeigniter4-framework-v4.7.2-0-gb3359be/codeigniter4-framework-b3359be/app/Controllers/Produit.php(13): CodeIgniter\BaseModel->findAll()
#6 /home/sanda/Documents/codeigniter4-framework-v4.7.2-0-gb3359be/codeigniter4-framework-b3359be/system/CodeIgniter.php(951): App\Controllers\Produit->index()
#7 /home/sanda/Documents/codeigniter4-framework-v4.7.2-0-gb3359be/codeigniter4-framework-b3359be/system/CodeIgniter.php(497): CodeIgniter\CodeIgniter->runController()
#8 /home/sanda/Documents/codeigniter4-framework-v4.7.2-0-gb3359be/codeigniter4-framework-b3359be/system/CodeIgniter.php(340): CodeIgniter\CodeIgniter->handleRequest()
#9 /home/sanda/Documents/codeigniter4-framework-v4.7.2-0-gb3359be/codeigniter4-framework-b3359be/system/Boot.php(417): CodeIgniter\CodeIgniter->run()
#10 /home/sanda/Documents/codeigniter4-framework-v4.7.2-0-gb3359be/codeigniter4-framework-b3359be/system/Boot.php(68): CodeIgniter\Boot::runCodeIgniter()
#11 /home/sanda/Documents/codeigniter4-framework-v4.7.2-0-gb3359be/codeigniter4-framework-b3359be/public/index.php(59): CodeIgniter\Boot::bootWeb()
#12 {main}
CRITICAL - 2026-04-15 08:45:17 --> CodeIgniter\Database\Exceptions\DatabaseException: Unable to connect to the database.
Main connection [MySQLi]: No such file or directory
[Method: GET, Route: produits]
in SYSTEMPATH/Database/BaseConnection.php on line 606.
 1 SYSTEMPATH/Database/BaseConnection.php(795): CodeIgniter\Database\BaseConnection->initialize()
 2 SYSTEMPATH/Database/BaseBuilder.php(1649): CodeIgniter\Database\BaseConnection->query()
 3 SYSTEMPATH/Model.php(253): CodeIgniter\Database\BaseBuilder->get()
 4 SYSTEMPATH/BaseModel.php(676): CodeIgniter\Model->doFindAll()
 5 APPPATH/Controllers/Produit.php(13): CodeIgniter\BaseModel->findAll()
 6 SYSTEMPATH/CodeIgniter.php(951): App\Controllers\Produit->index()
 7 SYSTEMPATH/CodeIgniter.php(497): CodeIgniter\CodeIgniter->runController()
 8 SYSTEMPATH/CodeIgniter.php(340): CodeIgniter\CodeIgniter->handleRequest()
 9 SYSTEMPATH/Boot.php(417): CodeIgniter\CodeIgniter->run()
10 SYSTEMPATH/Boot.php(68): CodeIgniter\Boot::runCodeIgniter()
11 FCPATH/index.php(59): CodeIgniter\Boot::bootWeb()
ERROR - 2026-04-15 08:45:20 --> Error connecting to the database: mysqli_sql_exception: No such file or directory in /home/sanda/Documents/codeigniter4-framework-v4.7.2-0-gb3359be/codeigniter4-framework-b3359be/system/Database/MySQLi/Connection.php:201
Stack trace:
#0 /home/sanda/Documents/codeigniter4-framework-v4.7.2-0-gb3359be/codeigniter4-framework-b3359be/system/Database/MySQLi/Connection.php(201): mysqli->real_connect()
#1 /home/sanda/Documents/codeigniter4-framework-v4.7.2-0-gb3359be/codeigniter4-framework-b3359be/system/Database/BaseConnection.php(555): CodeIgniter\Database\MySQLi\Connection->connect()
#2 /home/sanda/Documents/codeigniter4-framework-v4.7.2-0-gb3359be/codeigniter4-framework-b3359be/system/Database/BaseConnection.php(795): CodeIgniter\Database\BaseConnection->initialize()
#3 /home/sanda/Documents/codeigniter4-framework-v4.7.2-0-gb3359be/codeigniter4-framework-b3359be/system/Database/BaseBuilder.php(1649): CodeIgniter\Database\BaseConnection->query()
#4 /home/sanda/Documents/codeigniter4-framework-v4.7.2-0-gb3359be/codeigniter4-framework-b3359be/system/Model.php(253): CodeIgniter\Database\BaseBuilder->get()
#5 /home/sanda/Documents/codeigniter4-framework-v4.7.2-0-gb3359be/codeigniter4-framework-b3359be/system/BaseModel.php(676): CodeIgniter\Model->doFindAll()
#6 /home/sanda/Documents/codeigniter4-framework-v4.7.2-0-gb3359be/codeigniter4-framework-b3359be/app/Controllers/Produit.php(13): CodeIgniter\BaseModel->findAll()
#7 /home/sanda/Documents/codeigniter4-framework-v4.7.2-0-gb3359be/codeigniter4-framework-b3359be/system/CodeIgniter.php(951): App\Controllers\Produit->index()
#8 /home/sanda/Documents/codeigniter4-framework-v4.7.2-0-gb3359be/codeigniter4-framework-b3359be/system/CodeIgniter.php(497): CodeIgniter\CodeIgniter->runController()
#9 /home/sanda/Documents/codeigniter4-framework-v4.7.2-0-gb3359be/codeigniter4-framework-b3359be/system/CodeIgniter.php(340): CodeIgniter\CodeIgniter->handleRequest()
#10 /home/sanda/Documents/codeigniter4-framework-v4.7.2-0-gb3359be/codeigniter4-framework-b3359be/system/Boot.php(417): CodeIgniter\CodeIgniter->run()
#11 /home/sanda/Documents/codeigniter4-framework-v4.7.2-0-gb3359be/codeigniter4-framework-b3359be/system/Boot.php(68): CodeIgniter\Boot::runCodeIgniter()
#12 /home/sanda/Documents/codeigniter4-framework-v4.7.2-0-gb3359be/codeigniter4-framework-b3359be/public/index.php(59): CodeIgniter\Boot::bootWeb()
#13 {main}

Next CodeIgniter\Database\Exceptions\DatabaseException: No such file or directory in /home/sanda/Documents/codeigniter4-framework-v4.7.2-0-gb3359be/codeigniter4-framework-b3359be/system/Database/MySQLi/Connection.php:231
Stack trace:
#0 /home/sanda/Documents/codeigniter4-framework-v4.7.2-0-gb3359be/codeigniter4-framework-b3359be/system/Database/BaseConnection.php(555): CodeIgniter\Database\MySQLi\Connection->connect()
#1 /home/sanda/Documents/codeigniter4-framework-v4.7.2-0-gb3359be/codeigniter4-framework-b3359be/system/Database/BaseConnection.php(795): CodeIgniter\Database\BaseConnection->initialize()
#2 /home/sanda/Documents/codeigniter4-framework-v4.7.2-0-gb3359be/codeigniter4-framework-b3359be/system/Database/BaseBuilder.php(1649): CodeIgniter\Database\BaseConnection->query()
#3 /home/sanda/Documents/codeigniter4-framework-v4.7.2-0-gb3359be/codeigniter4-framework-b3359be/system/Model.php(253): CodeIgniter\Database\BaseBuilder->get()
#4 /home/sanda/Documents/codeigniter4-framework-v4.7.2-0-gb3359be/codeigniter4-framework-b3359be/system/BaseModel.php(676): CodeIgniter\Model->doFindAll()
#5 /home/sanda/Documents/codeigniter4-framework-v4.7.2-0-gb3359be/codeigniter4-framework-b3359be/app/Controllers/Produit.php(13): CodeIgniter\BaseModel->findAll()
#6 /home/sanda/Documents/codeigniter4-framework-v4.7.2-0-gb3359be/codeigniter4-framework-b3359be/system/CodeIgniter.php(951): App\Controllers\Produit->index()
#7 /home/sanda/Documents/codeigniter4-framework-v4.7.2-0-gb3359be/codeigniter4-framework-b3359be/system/CodeIgniter.php(497): CodeIgniter\CodeIgniter->runController()
#8 /home/sanda/Documents/codeigniter4-framework-v4.7.2-0-gb3359be/codeigniter4-framework-b3359be/system/CodeIgniter.php(340): CodeIgniter\CodeIgniter->handleRequest()
#9 /home/sanda/Documents/codeigniter4-framework-v4.7.2-0-gb3359be/codeigniter4-framework-b3359be/system/Boot.php(417): CodeIgniter\CodeIgniter->run()
#10 /home/sanda/Documents/codeigniter4-framework-v4.7.2-0-gb3359be/codeigniter4-framework-b3359be/system/Boot.php(68): CodeIgniter\Boot::runCodeIgniter()
#11 /home/sanda/Documents/codeigniter4-framework-v4.7.2-0-gb3359be/codeigniter4-framework-b3359be/public/index.php(59): CodeIgniter\Boot::bootWeb()
#12 {main}
CRITICAL - 2026-04-15 08:45:20 --> CodeIgniter\Database\Exceptions\DatabaseException: Unable to connect to the database.
Main connection [MySQLi]: No such file or directory
[Method: GET, Route: produits]
in SYSTEMPATH/Database/BaseConnection.php on line 606.
 1 SYSTEMPATH/Database/BaseConnection.php(795): CodeIgniter\Database\BaseConnection->initialize()
 2 SYSTEMPATH/Database/BaseBuilder.php(1649): CodeIgniter\Database\BaseConnection->query()
 3 SYSTEMPATH/Model.php(253): CodeIgniter\Database\BaseBuilder->get()
 4 SYSTEMPATH/BaseModel.php(676): CodeIgniter\Model->doFindAll()
 5 APPPATH/Controllers/Produit.php(13): CodeIgniter\BaseModel->findAll()
 6 SYSTEMPATH/CodeIgniter.php(951): App\Controllers\Produit->index()
 7 SYSTEMPATH/CodeIgniter.php(497): CodeIgniter\CodeIgniter->runController()
 8 SYSTEMPATH/CodeIgniter.php(340): CodeIgniter\CodeIgniter->handleRequest()
 9 SYSTEMPATH/Boot.php(417): CodeIgniter\CodeIgniter->run()
10 SYSTEMPATH/Boot.php(68): CodeIgniter\Boot::runCodeIgniter()
11 FCPATH/index.php(59): CodeIgniter\Boot::bootWeb()
ERROR - 2026-04-15 08:45:22 --> Error connecting to the database: mysqli_sql_exception: No such file or directory in /home/sanda/Documents/codeigniter4-framework-v4.7.2-0-gb3359be/codeigniter4-framework-b3359be/system/Database/MySQLi/Connection.php:201
Stack trace:
#0 /home/sanda/Documents/codeigniter4-framework-v4.7.2-0-gb3359be/codeigniter4-framework-b3359be/system/Database/MySQLi/Connection.php(201): mysqli->real_connect()
#1 /home/sanda/Documents/codeigniter4-framework-v4.7.2-0-gb3359be/codeigniter4-framework-b3359be/system/Database/BaseConnection.php(555): CodeIgniter\Database\MySQLi\Connection->connect()
#2 /home/sanda/Documents/codeigniter4-framework-v4.7.2-0-gb3359be/codeigniter4-framework-b3359be/system/Database/BaseConnection.php(795): CodeIgniter\Database\BaseConnection->initialize()
#3 /home/sanda/Documents/codeigniter4-framework-v4.7.2-0-gb3359be/codeigniter4-framework-b3359be/system/Database/BaseBuilder.php(1649): CodeIgniter\Database\BaseConnection->query()
#4 /home/sanda/Documents/codeigniter4-framework-v4.7.2-0-gb3359be/codeigniter4-framework-b3359be/system/Model.php(253): CodeIgniter\Database\BaseBuilder->get()
#5 /home/sanda/Documents/codeigniter4-framework-v4.7.2-0-gb3359be/codeigniter4-framework-b3359be/system/BaseModel.php(676): CodeIgniter\Model->doFindAll()
#6 /home/sanda/Documents/codeigniter4-framework-v4.7.2-0-gb3359be/codeigniter4-framework-b3359be/app/Controllers/Produit.php(13): CodeIgniter\BaseModel->findAll()
#7 /home/sanda/Documents/codeigniter4-framework-v4.7.2-0-gb3359be/codeigniter4-framework-b3359be/system/CodeIgniter.php(951): App\Controllers\Produit->index()
#8 /home/sanda/Documents/codeigniter4-framework-v4.7.2-0-gb3359be/codeigniter4-framework-b3359be/system/CodeIgniter.php(497): CodeIgniter\CodeIgniter->runController()
#9 /home/sanda/Documents/codeigniter4-framework-v4.7.2-0-gb3359be/codeigniter4-framework-b3359be/system/CodeIgniter.php(340): CodeIgniter\CodeIgniter->handleRequest()
#10 /home/sanda/Documents/codeigniter4-framework-v4.7.2-0-gb3359be/codeigniter4-framework-b3359be/system/Boot.php(417): CodeIgniter\CodeIgniter->run()
#11 /home/sanda/Documents/codeigniter4-framework-v4.7.2-0-gb3359be/codeigniter4-framework-b3359be/system/Boot.php(68): CodeIgniter\Boot::runCodeIgniter()
#12 /home/sanda/Documents/codeigniter4-framework-v4.7.2-0-gb3359be/codeigniter4-framework-b3359be/public/index.php(59): CodeIgniter\Boot::bootWeb()
#13 {main}

Next CodeIgniter\Database\Exceptions\DatabaseException: No such file or directory in /home/sanda/Documents/codeigniter4-framework-v4.7.2-0-gb3359be/codeigniter4-framework-b3359be/system/Database/MySQLi/Connection.php:231
Stack trace:
#0 /home/sanda/Documents/codeigniter4-framework-v4.7.2-0-gb3359be/codeigniter4-framework-b3359be/system/Database/BaseConnection.php(555): CodeIgniter\Database\MySQLi\Connection->connect()
#1 /home/sanda/Documents/codeigniter4-framework-v4.7.2-0-gb3359be/codeigniter4-framework-b3359be/system/Database/BaseConnection.php(795): CodeIgniter\Database\BaseConnection->initialize()
#2 /home/sanda/Documents/codeigniter4-framework-v4.7.2-0-gb3359be/codeigniter4-framework-b3359be/system/Database/BaseBuilder.php(1649): CodeIgniter\Database\BaseConnection->query()
#3 /home/sanda/Documents/codeigniter4-framework-v4.7.2-0-gb3359be/codeigniter4-framework-b3359be/system/Model.php(253): CodeIgniter\Database\BaseBuilder->get()
#4 /home/sanda/Documents/codeigniter4-framework-v4.7.2-0-gb3359be/codeigniter4-framework-b3359be/system/BaseModel.php(676): CodeIgniter\Model->doFindAll()
#5 /home/sanda/Documents/codeigniter4-framework-v4.7.2-0-gb3359be/codeigniter4-framework-b3359be/app/Controllers/Produit.php(13): CodeIgniter\BaseModel->findAll()
#6 /home/sanda/Documents/codeigniter4-framework-v4.7.2-0-gb3359be/codeigniter4-framework-b3359be/system/CodeIgniter.php(951): App\Controllers\Produit->index()
#7 /home/sanda/Documents/codeigniter4-framework-v4.7.2-0-gb3359be/codeigniter4-framework-b3359be/system/CodeIgniter.php(497): CodeIgniter\CodeIgniter->runController()
#8 /home/sanda/Documents/codeigniter4-framework-v4.7.2-0-gb3359be/codeigniter4-framework-b3359be/system/CodeIgniter.php(340): CodeIgniter\CodeIgniter->handleRequest()
#9 /home/sanda/Documents/codeigniter4-framework-v4.7.2-0-gb3359be/codeigniter4-framework-b3359be/system/Boot.php(417): CodeIgniter\CodeIgniter->run()
#10 /home/sanda/Documents/codeigniter4-framework-v4.7.2-0-gb3359be/codeigniter4-framework-b3359be/system/Boot.php(68): CodeIgniter\Boot::runCodeIgniter()
#11 /home/sanda/Documents/codeigniter4-framework-v4.7.2-0-gb3359be/codeigniter4-framework-b3359be/public/index.php(59): CodeIgniter\Boot::bootWeb()
#12 {main}
CRITICAL - 2026-04-15 08:45:22 --> CodeIgniter\Database\Exceptions\DatabaseException: Unable to connect to the database.
Main connection [MySQLi]: No such file or directory
[Method: GET, Route: produits]
in SYSTEMPATH/Database/BaseConnection.php on line 606.
 1 SYSTEMPATH/Database/BaseConnection.php(795): CodeIgniter\Database\BaseConnection->initialize()
 2 SYSTEMPATH/Database/BaseBuilder.php(1649): CodeIgniter\Database\BaseConnection->query()
 3 SYSTEMPATH/Model.php(253): CodeIgniter\Database\BaseBuilder->get()
 4 SYSTEMPATH/BaseModel.php(676): CodeIgniter\Model->doFindAll()
 5 APPPATH/Controllers/Produit.php(13): CodeIgniter\BaseModel->findAll()
 6 SYSTEMPATH/CodeIgniter.php(951): App\Controllers\Produit->index()
 7 SYSTEMPATH/CodeIgniter.php(497): CodeIgniter\CodeIgniter->runController()
 8 SYSTEMPATH/CodeIgniter.php(340): CodeIgniter\CodeIgniter->handleRequest()
 9 SYSTEMPATH/Boot.php(417): CodeIgniter\CodeIgniter->run()
10 SYSTEMPATH/Boot.php(68): CodeIgniter\Boot::runCodeIgniter()
11 FCPATH/index.php(59): CodeIgniter\Boot::bootWeb()
CRITICAL - 2026-04-15 10:11:20 --> ErrorException: Undefined array key "nom"
[Method: GET, Route: produits]
in APPPATH/Views/produit.php on line 6.
 1 APPPATH/Views/produit.php(6): CodeIgniter\Debug\Exceptions->errorHandler()
 2 SYSTEMPATH/View/View.php(240): include('/home/sanda/Documents/codeigniter4-framework-v4.7.2-0-gb3359be/codeigniter4-framework-b3359be/app/Views/produit.php')
 3 SYSTEMPATH/View/View.php(243): CodeIgniter\View\View->CodeIgniter\View\{closure}()
 4 SYSTEMPATH/Common.php(1250): CodeIgniter\View\View->render()
 5 APPPATH/Controllers/Produit.php(14): view()
 6 SYSTEMPATH/CodeIgniter.php(951): App\Controllers\Produit->index()
 7 SYSTEMPATH/CodeIgniter.php(497): CodeIgniter\CodeIgniter->runController()
 8 SYSTEMPATH/CodeIgniter.php(340): CodeIgniter\CodeIgniter->handleRequest()
 9 SYSTEMPATH/Boot.php(417): CodeIgniter\CodeIgniter->run()
10 SYSTEMPATH/Boot.php(68): CodeIgniter\Boot::runCodeIgniter()
11 FCPATH/index.php(59): CodeIgniter\Boot::bootWeb()
CRITICAL - 2026-04-15 10:11:22 --> ErrorException: Undefined array key "nom"
[Method: GET, Route: produits]
in APPPATH/Views/produit.php on line 6.
 1 APPPATH/Views/produit.php(6): CodeIgniter\Debug\Exceptions->errorHandler()
 2 SYSTEMPATH/View/View.php(240): include('/home/sanda/Documents/codeigniter4-framework-v4.7.2-0-gb3359be/codeigniter4-framework-b3359be/app/Views/produit.php')
 3 SYSTEMPATH/View/View.php(243): CodeIgniter\View\View->CodeIgniter\View\{closure}()
 4 SYSTEMPATH/Common.php(1250): CodeIgniter\View\View->render()
 5 APPPATH/Controllers/Produit.php(14): view()
 6 SYSTEMPATH/CodeIgniter.php(951): App\Controllers\Produit->index()
 7 SYSTEMPATH/CodeIgniter.php(497): CodeIgniter\CodeIgniter->runController()
 8 SYSTEMPATH/CodeIgniter.php(340): CodeIgniter\CodeIgniter->handleRequest()
 9 SYSTEMPATH/Boot.php(417): CodeIgniter\CodeIgniter->run()
10 SYSTEMPATH/Boot.php(68): CodeIgniter\Boot::runCodeIgniter()
11 FCPATH/index.php(59): CodeIgniter\Boot::bootWeb()
CRITICAL - 2026-04-15 10:11:24 --> ErrorException: Undefined array key "nom"
[Method: GET, Route: produits]
in APPPATH/Views/produit.php on line 6.
 1 APPPATH/Views/produit.php(6): CodeIgniter\Debug\Exceptions->errorHandler()
 2 SYSTEMPATH/View/View.php(240): include('/home/sanda/Documents/codeigniter4-framework-v4.7.2-0-gb3359be/codeigniter4-framework-b3359be/app/Views/produit.php')
 3 SYSTEMPATH/View/View.php(243): CodeIgniter\View\View->CodeIgniter\View\{closure}()
 4 SYSTEMPATH/Common.php(1250): CodeIgniter\View\View->render()
 5 APPPATH/Controllers/Produit.php(14): view()
 6 SYSTEMPATH/CodeIgniter.php(951): App\Controllers\Produit->index()
 7 SYSTEMPATH/CodeIgniter.php(497): CodeIgniter\CodeIgniter->runController()
 8 SYSTEMPATH/CodeIgniter.php(340): CodeIgniter\CodeIgniter->handleRequest()
 9 SYSTEMPATH/Boot.php(417): CodeIgniter\CodeIgniter->run()
10 SYSTEMPATH/Boot.php(68): CodeIgniter\Boot::runCodeIgniter()
11 FCPATH/index.php(59): CodeIgniter\Boot::bootWeb()
